Build started 30.07.2013 15:15:55.
     1>Project "C:\Users\nk.fabree483\Desktop\Test\playground_bf2\bf2_playground\bf2_playground.vcxproj" on node 2 (Rebuild target(s)).
     1>ClCompile:
         C:\Program Files (x86)\Microsoft Visual Studio 11.0\VC\bin\CL.exe /c /ZI /nologo /W3 /WX- /Od /Oy- /D WIN32 /D _DEBUG /D _WINDOWS /D _USRDLL /D BF2_PLAYGROUND /D _WINDLL /D _MBCS /Gm /EHsc /RTC1 /MDd /GS /fp:precise /Zc:wchar_t /Zc:forScope /Fo"Debug\\" /Fd"Debug\vc110.pdb" /Gd /TP /analyze- /errorReport:prompt Detours.cpp main.cpp
         main.cpp
     1>c:\users\nk.fabree483\desktop\test\playground_bf2\bf2_playground\logfile.h(50): warning C4996: 'strcpy': This function or variable may be unsafe. Consider using strcpy_s instead. To disable deprecation, use _CRT_SECURE_NO_WARNINGS. See online help for details.
                 c:\program files (x86)\microsoft visual studio 11.0\vc\include\string.h(110) : see declaration of 'strcpy'
     1>c:\users\nk.fabree483\desktop\test\playground_bf2\bf2_playground\logfile.h(53): warning C4996: 'strcpy': This function or variable may be unsafe. Consider using strcpy_s instead. To disable deprecation, use _CRT_SECURE_NO_WARNINGS. See online help for details.
                 c:\program files (x86)\microsoft visual studio 11.0\vc\include\string.h(110) : see declaration of 'strcpy'
     1>c:\users\nk.fabree483\desktop\test\playground_bf2\bf2_playground\logfile.h(56): warning C4996: 'strcpy': This function or variable may be unsafe. Consider using strcpy_s instead. To disable deprecation, use _CRT_SECURE_NO_WARNINGS. See online help for details.
                 c:\program files (x86)\microsoft visual studio 11.0\vc\include\string.h(110) : see declaration of 'strcpy'
     1>c:\users\nk.fabree483\desktop\test\playground_bf2\bf2_playground\logfile.h(58): warning C4996: 'fopen': This function or variable may be unsafe. Consider using fopen_s instead. To disable deprecation, use _CRT_SECURE_NO_WARNINGS. See online help for details.
                 c:\program files (x86)\microsoft visual studio 11.0\vc\include\stdio.h(218) : see declaration of 'fopen'
     1>c:\users\nk.fabree483\desktop\test\playground_bf2\bf2_playground\logfile.h(89): warning C4996: 'vsprintf': This function or variable may be unsafe. Consider using vsprintf_s instead. To disable deprecation, use _CRT_SECURE_NO_WARNINGS. See online help for details.
                 c:\program files (x86)\microsoft visual studio 11.0\vc\include\stdio.h(357) : see declaration of 'vsprintf'
     1>c:\users\nk.fabree483\desktop\test\playground_bf2\bf2_playground\logfile.h(104): warning C4996: 'sprintf': This function or variable may be unsafe. Consider using sprintf_s instead. To disable deprecation, use _CRT_SECURE_NO_WARNINGS. See online help for details.
                 c:\program files (x86)\microsoft visual studio 11.0\vc\include\stdio.h(357) : see declaration of 'sprintf'
         Detours.cpp
         Generating Code...
       Link:
         C:\Program Files (x86)\Microsoft Visual Studio 11.0\VC\bin\link.exe /ERRORREPORT:PROMPT /OUT:"C:\Users\nk.fabree483\Desktop\Test\playground_bf2\Debug\bf2_playground.dll" /INCREMENTAL /NOLOGO kernel32.lib user32.lib gdi32.lib winspool.lib comdlg32.lib advapi32.lib shell32.lib ole32.lib oleaut32.lib uuid.lib odbc32.lib odbccp32.lib /MANIFEST /MANIFESTUAC:"level='asInvoker' uiAccess='false'" /manifest:embed /DEBUG /PDB:"C:\Users\nk.fabree483\Desktop\Test\playground_bf2\Debug\bf2_playground.pdb" /SUBSYSTEM:WINDOWS /TLBID:1 /DYNAMICBASE /NXCOMPAT /IMPLIB:"C:\Users\nk.fabree483\Desktop\Test\playground_bf2\Debug\bf2_playground.lib" /MACHINE:X86 /DLL Debug\Detours.obj
         Debug\main.obj
         bf2_playground.vcxproj -> C:\Users\nk.fabree483\Desktop\Test\playground_bf2\Debug\bf2_playground.dll
     1>Done Building Project "C:\Users\nk.fabree483\Desktop\Test\playground_bf2\bf2_playground\bf2_playground.vcxproj" (Rebuild target(s)).

Build succeeded.

Time Elapsed 00:00:07.97
